This is XeTeX, Version 3.14159265-2.6-0.99999 (MiKTeX 2.9.6630 64-bit) (preloaded format=xelatex 2018.4.30)  18 AUG 2019 10:48
entering extended mode
**./Documentation_main.tex
(Documentation_main.tex
LaTeX2e <2017-04-15>
Babel <3.18> and hyphenation patterns for 75 language(s) loaded.
\@input{PreambleForLatexDocumentation.aux}
\openout2 = `PreambleForLatexDocumentation.aux'.

(PreambleForLatexDocumentation.tex ("D:\MiKTeX 2.9\tex\latex\base\article.cls"
Document Class: article 2014/09/29 v1.4h Standard LaTeX document class
("D:\MiKTeX 2.9\tex\latex\base\size10.clo"
File: size10.clo 2014/09/29 v1.4h Standard LaTeX file (size option)
)
\c@part=\count79
\c@section=\count80
\c@subsection=\count81
\c@subsubsection=\count82
\c@paragraph=\count83
\c@subparagraph=\count84
\c@figure=\count85
\c@table=\count86
\abovecaptionskip=\skip41
\belowcaptionskip=\skip42
\bibindent=\dimen102
)
("D:\MiKTeX 2.9\tex\latex\geometry\geometry.sty"
Package: geometry 2010/09/12 v5.6 Page Geometry

("D:\MiKTeX 2.9\tex\latex\graphics\keyval.sty"
Package: keyval 2014/10/28 v1.15 key=value parser (DPC)
\KV@toks@=\toks14
)
("D:\MiKTeX 2.9\tex\generic\oberdiek\ifpdf.sty"
Package: ifpdf 2017/03/15 v3.2 Provides the ifpdf switch
)
("D:\MiKTeX 2.9\tex\generic\oberdiek\ifvtex.sty"
Package: ifvtex 2016/05/16 v1.6 Detect VTeX and its facilities (HO)
Package ifvtex Info: VTeX not detected.
)
("D:\MiKTeX 2.9\tex\generic\ifxetex\ifxetex.sty"
Package: ifxetex 2010/09/12 v0.6 Provides ifxetex conditional
)
\Gm@cnth=\count87
\Gm@cntv=\count88
\c@Gm@tempcnt=\count89
\Gm@bindingoffset=\dimen103
\Gm@wd@mp=\dimen104
\Gm@odd@mp=\dimen105
\Gm@even@mp=\dimen106
\Gm@layoutwidth=\dimen107
\Gm@layoutheight=\dimen108
\Gm@layouthoffset=\dimen109
\Gm@layoutvoffset=\dimen110
\Gm@dimlist=\toks15

("D:\MiKTeX 2.9\tex\xelatex\xetexconfig\geometry.cfg"))
("D:\MiKTeX 2.9\tex\latex\amsfonts\amsfonts.sty"
Package: amsfonts 2013/01/14 v3.01 Basic AMSFonts support
\@emptytoks=\toks16
\symAMSa=\mathgroup4
\symAMSb=\mathgroup5
LaTeX Font Info:    Overwriting math alphabet `\mathfrak' in version `bold'
(Font)                  U/euf/m/n --> U/euf/b/n on input line 106.
)
("D:\MiKTeX 2.9\tex\latex\amsmath\amsmath.sty"
Package: amsmath 2017/09/02 v2.17a AMS math features
\@mathmargin=\skip43

For additional information on amsmath, use the `?' option.
("D:\MiKTeX 2.9\tex\latex\amsmath\amstext.sty"
Package: amstext 2000/06/29 v2.01 AMS text

("D:\MiKTeX 2.9\tex\latex\amsmath\amsgen.sty"
File: amsgen.sty 1999/11/30 v2.0 generic functions
\@emptytoks=\toks17
\ex@=\dimen111
))
("D:\MiKTeX 2.9\tex\latex\amsmath\amsbsy.sty"
Package: amsbsy 1999/11/29 v1.2d Bold Symbols
\pmbraise@=\dimen112
)
("D:\MiKTeX 2.9\tex\latex\amsmath\amsopn.sty"
Package: amsopn 2016/03/08 v2.02 operator names
)
\inf@bad=\count90
LaTeX Info: Redefining \frac on input line 213.
\uproot@=\count91
\leftroot@=\count92
LaTeX Info: Redefining \overline on input line 375.
\classnum@=\count93
\DOTSCASE@=\count94
LaTeX Info: Redefining \ldots on input line 472.
LaTeX Info: Redefining \dots on input line 475.
LaTeX Info: Redefining \cdots on input line 596.
\Mathstrutbox@=\box26
\strutbox@=\box27
\big@size=\dimen113
LaTeX Font Info:    Redeclaring font encoding OML on input line 712.
LaTeX Font Info:    Redeclaring font encoding OMS on input line 713.
\macc@depth=\count95
\c@MaxMatrixCols=\count96
\dotsspace@=\muskip10
\c@parentequation=\count97
\dspbrk@lvl=\count98
\tag@help=\toks18
\row@=\count99
\column@=\count100
\maxfields@=\count101
\andhelp@=\toks19
\eqnshift@=\dimen114
\alignsep@=\dimen115
\tagshift@=\dimen116
\tagwidth@=\dimen117
\totwidth@=\dimen118
\lineht@=\dimen119
\@envbody=\toks20
\multlinegap=\skip44
\multlinetaggap=\skip45
\mathdisplay@stack=\toks21
LaTeX Info: Redefining \[ on input line 2817.
LaTeX Info: Redefining \] on input line 2818.
)
("D:\MiKTeX 2.9\tex\latex\amsfonts\amssymb.sty"
Package: amssymb 2013/01/14 v3.01 AMS font symbols
)
(C:\Users\Admin\AppData\Roaming\MiKTeX\2.9\tex\latex\hyphenat\hyphenat.sty
Package: hyphenat 2009/09/02 v2.3c hyphenation utilities
\langwohyphens=\language76
LaTeX Info: Redefining \_ on input line 43.
)
("D:\MiKTeX 2.9\tex\latex\graphics\graphicx.sty"
Package: graphicx 2017/06/01 v1.1a Enhanced LaTeX Graphics (DPC,SPQR)

("D:\MiKTeX 2.9\tex\latex\graphics\graphics.sty"
Package: graphics 2017/06/25 v1.2c Standard LaTeX Graphics (DPC,SPQR)

("D:\MiKTeX 2.9\tex\latex\graphics\trig.sty"
Package: trig 2016/01/03 v1.10 sin cos tan (DPC)
)
("D:\MiKTeX 2.9\tex\latex\graphics-cfg\graphics.cfg"
File: graphics.cfg 2016/06/04 v1.11 sample graphics configuration
)
Package graphics Info: Driver file: xetex.def on input line 99.

("D:\MiKTeX 2.9\tex\latex\graphics-def\xetex.def"
File: xetex.def 2017/06/24 v5.0h Graphics/color driver for xetex
))
\Gin@req@height=\dimen120
\Gin@req@width=\dimen121
)
("D:\MiKTeX 2.9\tex\latex\float\float.sty"
Package: float 2001/11/08 v1.3d Float enhancements (AL)
\c@float@type=\count102
\float@exts=\toks22
\float@box=\box28
\@float@everytoks=\toks23
\@floatcapt=\box29
)
(C:\Users\Admin\AppData\Roaming\MiKTeX\2.9\tex\latex\fancyhdr\fancyhdr.sty
Package: fancyhdr 2017/06/30 v3.9a Extensive control of page headers and footer
s
\f@nch@headwidth=\skip46
\f@nch@O@elh=\skip47
\f@nch@O@erh=\skip48
\f@nch@O@olh=\skip49
\f@nch@O@orh=\skip50
\f@nch@O@elf=\skip51
\f@nch@O@erf=\skip52
\f@nch@O@olf=\skip53
\f@nch@O@orf=\skip54
)
(C:\Users\Admin\AppData\Roaming\MiKTeX\2.9\tex\latex\enumitem\enumitem.sty
Package: enumitem 2011/09/28 v3.5.2 Customized lists
\labelindent=\skip55
\enit@outerparindent=\dimen122
\enit@toks=\toks24
\enit@inbox=\box30
\enitdp@description=\count103
)
(C:\Users\Admin\AppData\Roaming\MiKTeX\2.9\tex\latex\tocbibind\tocbibind.sty
Package: tocbibind 2010/10/13 v1.5k extra ToC listings
Package tocbibind Info: The document has section divisions on input line 50.


Package tocbibind Note: Using section or other style headings.

) (C:\Users\Admin\AppData\Roaming\MiKTeX\2.9\tex\latex\lettrine\lettrine.sty

LaTeX Warning: You have requested release `2018-04-01' of LaTeX,
               but only release `2017-04-15' is available.

File: lettrine.sty 2019-04-06 v2.22 (Daniel Flipo)

Package lettrine Warning: Your LaTeX kernel is too old to provide access
(lettrine)                to former versions of the lettrine package.
(lettrine)                If you need rollback, please upgrade
(lettrine)                your LaTeX kernel (2018-04-01 or newer),
(lettrine)                otherwise you are fine; reported on input line 41.

(C:\Users\Admin\AppData\Roaming\MiKTeX\2.9\tex\generic\minifp\minifp.sty
Package: minifp 2013/12/30 v0.96. Macros for real number operations and a stack
-based programing language.
\MFP@loopctr=\count104
)
\c@DefaultLines=\count105
\c@DefaultDepth=\count106
\DefaultFindent=\dimen123
\DefaultNindent=\dimen124
\DefaultSlope=\dimen125
\DiscardVskip=\dimen126
\L@lbox=\box31
\L@tbox=\box32
\c@L@lines=\count107
\c@L@depth=\count108
\L@Pindent=\dimen127
\L@Findent=\dimen128
\L@Nindent=\dimen129
\L@lraise=\dimen130
\L@first=\dimen131
\L@next=\dimen132
\L@slope=\dimen133
\L@height=\dimen134
\L@novskip=\dimen135
\L@target@ht=\dimen136
\L@target@dp=\dimen137
\L@target@tht=\dimen138
\LettrineWidth=\dimen139
\LettrineHeight=\dimen140
\LettrineDepth=\dimen141
\Llist@everypar=\toks25

Loading lettrine.cfg
(C:\Users\Admin\AppData\Roaming\MiKTeX\2.9\tex\latex\lettrine\lettrine.cfg))
(C:\Users\Admin\AppData\Roaming\MiKTeX\2.9\tex\latex\appendix\appendix.sty
Package: appendix 2009/09/02 v1.2b extra appendix facilities
\c@@pps=\count109
\c@@ppsavesec=\count110
\c@@ppsaveapp=\count111
)
(C:\Users\Admin\AppData\Roaming\MiKTeX\2.9\tex\latex\adjustbox\adjustbox.sty
Package: adjustbox 2019/01/04 v1.2 Adjusting TeX boxes (trim, clip, ...)

("D:\MiKTeX 2.9\tex\latex\xkeyval\xkeyval.sty"
Package: xkeyval 2014/12/03 v2.7a package option processing (HA)

("D:\MiKTeX 2.9\tex\generic\xkeyval\xkeyval.tex"
("D:\MiKTeX 2.9\tex\generic\xkeyval\xkvutils.tex"
\XKV@toks=\toks26
\XKV@tempa@toks=\toks27
)
\XKV@depth=\count112
File: xkeyval.tex 2014/12/03 v2.7a key=value parser (HA)
))
(C:\Users\Admin\AppData\Roaming\MiKTeX\2.9\tex\latex\adjustbox\adjcalc.sty
Package: adjcalc 2012/05/16 v1.1 Provides advanced setlength with multiple back
-ends (calc, etex, pgfmath)
)
(C:\Users\Admin\AppData\Roaming\MiKTeX\2.9\tex\latex\adjustbox\trimclip.sty
Package: trimclip 2018/04/08 v1.1 Trim and clip general TeX material

(C:\Users\Admin\AppData\Roaming\MiKTeX\2.9\tex\latex\collectbox\collectbox.sty
Package: collectbox 2012/05/17 v0.4b Collect macro arguments as boxes
\collectedbox=\box33
)
\tc@llx=\dimen142
\tc@lly=\dimen143
\tc@urx=\dimen144
\tc@ury=\dimen145
Package trimclip Info: Using driver 'tc-xetex.def'.
(C:\Users\Admin\AppData\Roaming\MiKTeX\2.9\tex\latex\adjustbox\tc-xetex.def
File: tc-xetex.def 2019/01/04 v2.2 Clipping driver for xetex
))
\adjbox@Width=\dimen146
\adjbox@Height=\dimen147
\adjbox@Depth=\dimen148
\adjbox@Totalheight=\dimen149
\adjbox@pwidth=\dimen150
\adjbox@pheight=\dimen151
\adjbox@pdepth=\dimen152
\adjbox@ptotalheight=\dimen153

(C:\Users\Admin\AppData\Roaming\MiKTeX\2.9\tex\latex\ifoddpage\ifoddpage.sty
Package: ifoddpage 2016/04/23 v1.1 Conditionals for odd/even page detection
\c@checkoddpage=\count113
)
("D:\MiKTeX 2.9\tex\latex\ltxmisc\varwidth.sty"
Package: varwidth 2009/03/30 ver 0.92;  Variable-width minipages
\@vwid@box=\box34
\sift@deathcycles=\count114
\@vwid@loff=\dimen154
\@vwid@roff=\dimen155
))
("D:\MiKTeX 2.9\tex\latex\tools\multicol.sty"
Package: multicol 2017/04/11 v1.8q multicolumn formatting (FMi)
\c@tracingmulticols=\count115
\mult@box=\box35
\multicol@leftmargin=\dimen156
\c@unbalance=\count116
\c@collectmore=\count117
\doublecol@number=\count118
\multicoltolerance=\count119
\multicolpretolerance=\count120
\full@width=\dimen157
\page@free=\dimen158
\premulticols=\dimen159
\postmulticols=\dimen160
\multicolsep=\skip56
\multicolbaselineskip=\skip57
\partial@page=\box36
\last@line=\box37
\maxbalancingoverflow=\dimen161
\mult@rightbox=\box38
\mult@grightbox=\box39
\mult@gfirstbox=\box40
\mult@firstbox=\box41
\@tempa=\box42
\@tempa=\box43
\@tempa=\box44
\@tempa=\box45
\@tempa=\box46
\@tempa=\box47
\@tempa=\box48
\@tempa=\box49
\@tempa=\box50
\@tempa=\box51
\@tempa=\box52
\@tempa=\box53
\@tempa=\box54
\@tempa=\box55
\@tempa=\box56
\@tempa=\box57
\@tempa=\box58
\c@columnbadness=\count121
\c@finalcolumnbadness=\count122
\last@try=\dimen162
\multicolovershoot=\dimen163
\multicolundershoot=\dimen164
\mult@nat@firstbox=\box59
\colbreak@box=\box60
\mc@col@check@num=\count123
)
(C:\Users\Admin\AppData\Roaming\MiKTeX\2.9\tex\latex\blindtext\blindtext.sty
Package: blindtext 2012/01/06 V2.0 blindtext-Package

("D:\MiKTeX 2.9\tex\latex\tools\xspace.sty"
Package: xspace 2014/10/28 v1.13 Space after command names (DPC,MH)
)
\c@blindtext=\count124
\c@Blindtext=\count125
\c@blind@countparstart=\count126
\blind@countxx=\count127
\blindtext@numBlindtext=\count128
\blind@countyy=\count129
\c@blindlist=\count130
\c@blindlistlevel=\count131
\c@blindlist@level=\count132
\blind@listitem=\count133
\c@blind@listcount=\count134
\c@blind@levelcount=\count135
\blind@mathformula=\count136
\blind@Mathformula=\count137
\c@blind@randomcount=\count138
\c@blind@randommax=\count139
\c@blind@pangramcount=\count140
\c@blind@pangrammax=\count141
)
(C:\Users\Admin\AppData\Roaming\MiKTeX\2.9\tex\latex\glossaries\base\glossaries
.sty
Package: glossaries 2019/01/06 v4.42 (NLCT)
 ("D:\MiKTeX 2.9\tex\latex\base\ifthen.sty"
Package: ifthen 2014/09/29 v1.1c Standard LaTeX ifthen package (DPC)
)
(C:\Users\Admin\AppData\Roaming\MiKTeX\2.9\tex\latex\mfirstuc\mfirstuc.sty
Package: mfirstuc 2017/11/14 v2.06 (NLCT)

(C:\Users\Admin\AppData\Roaming\MiKTeX\2.9\tex\latex\etoolbox\etoolbox.sty
Package: etoolbox 2018/02/11 v2.5e e-TeX tools for LaTeX (JAW)
\etb@tempcnta=\count142
)
\@glsmfirst=\toks28
\@glsmrest=\toks29
)
(C:\Users\Admin\AppData\Roaming\MiKTeX\2.9\tex\latex\textcase\textcase.sty
Package: textcase 2004/10/07 v0.07 Text only upper/lower case changing (DPC)
)
(C:\Users\Admin\AppData\Roaming\MiKTeX\2.9\tex\latex\xfor\xfor.sty
Package: xfor 2009/02/05 v1.05 (NLCT)
)
(C:\Users\Admin\AppData\Roaming\MiKTeX\2.9\tex\latex\datatool\datatool-base.sty
Package: datatool-base 2018/12/07 v2.31 (NLCT)
(C:\Users\Admin\AppData\Roaming\MiKTeX\2.9\tex\latex\substr\substr.sty
Package: substr 2009/10/20 v1.2 Handle substrings
\c@su@anzahl=\count143
)
(C:\Users\Admin\AppData\Roaming\MiKTeX\2.9\tex\latex\datatool\datatool-fp.sty
Package: datatool-fp 2018/12/07 v2.31 (NLCT)

(C:\Users\Admin\AppData\Roaming\MiKTeX\2.9\tex\latex\fp\fp.sty
Package: fp 1995/04/02

`Fixed Point Package', Version 0.8, April 2, 1995 (C) Michael Mehlich
(C:\Users\Admin\AppData\Roaming\MiKTeX\2.9\tex\latex\fp\defpattern.sty
Package: defpattern 1994/10/12
\actioncount=\count144
)
(C:\Users\Admin\AppData\Roaming\MiKTeX\2.9\tex\latex\fp\fp-basic.sty
Package: fp-basic 1996/05/13
\FP@xs=\count145
\FP@xia=\count146
\FP@xib=\count147
\FP@xfa=\count148
\FP@xfb=\count149
\FP@rega=\count150
\FP@regb=\count151
\FP@regs=\count152
\FP@times=\count153
)
(C:\Users\Admin\AppData\Roaming\MiKTeX\2.9\tex\latex\fp\fp-addons.sty
Package: fp-addons 1995/03/15
)
(C:\Users\Admin\AppData\Roaming\MiKTeX\2.9\tex\latex\fp\fp-snap.sty
Package: fp-snap 1995/04/05
)
(C:\Users\Admin\AppData\Roaming\MiKTeX\2.9\tex\latex\fp\fp-exp.sty
Package: fp-exp 1995/04/03
)
(C:\Users\Admin\AppData\Roaming\MiKTeX\2.9\tex\latex\fp\fp-trigo.sty
Package: fp-trigo 1995/04/14
)
(C:\Users\Admin\AppData\Roaming\MiKTeX\2.9\tex\latex\fp\fp-pas.sty
Package: fp-pas 1994/08/29
)
(C:\Users\Admin\AppData\Roaming\MiKTeX\2.9\tex\latex\fp\fp-random.sty
Package: fp-random 1995/02/23
\FPseed=\count154
)
(C:\Users\Admin\AppData\Roaming\MiKTeX\2.9\tex\latex\fp\fp-eqn.sty
Package: fp-eqn 1995/04/03
)
(C:\Users\Admin\AppData\Roaming\MiKTeX\2.9\tex\latex\fp\fp-upn.sty
Package: fp-upn 1996/10/21
)
(C:\Users\Admin\AppData\Roaming\MiKTeX\2.9\tex\latex\fp\fp-eval.sty
Package: fp-eval 1995/04/03
)))
\@dtl@toks=\toks30
\@dtl@tmpcount=\count155
\dtl@tmplength=\skip58
\dtl@sortresult=\count156
\@dtl@numgrpsepcount=\count157
\@dtl@datatype=\count158
\dtl@codeA=\count159
\dtl@codeB=\count160
\@dtl@foreach@level=\count161
)
(C:\Users\Admin\AppData\Roaming\MiKTeX\2.9\tex\latex\glossaries\base\glossaries
-compatible-307.sty
Package: glossaries-compatible-307 2019/01/06 v4.42 (NLCT)
)
\gls@level=\count162
\@gls@tmpb=\toks31
\gls@tmplen=\skip59
\glskeylisttok=\toks32
\glslabeltok=\toks33
\glsshorttok=\toks34
\glslongtok=\toks35

(C:\Users\Admin\AppData\Roaming\MiKTeX\2.9\tex\latex\glossaries\styles\glossary
-hypernav.sty
Package: glossary-hypernav 2019/01/06 v4.42 (NLCT)
)
(C:\Users\Admin\AppData\Roaming\MiKTeX\2.9\tex\latex\glossaries\styles\glossary
-list.sty
Package: glossary-list 2019/01/06 v4.42 (NLCT)
\glslistdottedwidth=\skip60
)
(C:\Users\Admin\AppData\Roaming\MiKTeX\2.9\tex\latex\glossaries\styles\glossary
-long.sty
Package: glossary-long 2019/01/06 v4.42 (NLCT)
 ("D:\MiKTeX 2.9\tex\latex\tools\longtable.sty"
Package: longtable 2014/10/28 v4.11 Multi-page Table package (DPC)
\LTleft=\skip61
\LTright=\skip62
\LTpre=\skip63
\LTpost=\skip64
\LTchunksize=\count163
\LTcapwidth=\dimen165
\LT@head=\box61
\LT@firsthead=\box62
\LT@foot=\box63
\LT@lastfoot=\box64
\LT@cols=\count164
\LT@rows=\count165
\c@LT@tables=\count166
\c@LT@chunks=\count167
\LT@p@ftn=\toks36
)
\glsdescwidth=\skip65
\glspagelistwidth=\skip66
)
(C:\Users\Admin\AppData\Roaming\MiKTeX\2.9\tex\latex\glossaries\styles\glossary
-super.sty
Package: glossary-super 2019/01/06 v4.42 (NLCT)

(C:\Users\Admin\AppData\Roaming\MiKTeX\2.9\tex\latex\supertabular\supertabular.
sty
Package: supertabular 2004/02/20 v4.1e the supertabular environment
\c@tracingst=\count168
\ST@wd=\dimen166
\ST@rightskip=\skip67
\ST@leftskip=\skip68
\ST@parfillskip=\skip69
\ST@pageleft=\dimen167
\ST@headht=\dimen168
\ST@tailht=\dimen169
\ST@pagesofar=\dimen170
\ST@pboxht=\dimen171
\ST@lineht=\dimen172
\ST@stretchht=\dimen173
\ST@prevht=\dimen174
\ST@toadd=\dimen175
\ST@dimen=\dimen176
\ST@pbox=\box65
))
(C:\Users\Admin\AppData\Roaming\MiKTeX\2.9\tex\latex\glossaries\styles\glossary
-tree.sty
Package: glossary-tree 2019/01/06 v4.42 (NLCT)
\glstreeindent=\skip70
))
(C:\Users\Admin\AppData\Roaming\MiKTeX\2.9\tex\latex\titlesec\titlesec.sty
Package: titlesec 2019/07/16 v2.11 Sectioning titles
\ttl@box=\box66
\beforetitleunit=\skip71
\aftertitleunit=\skip72
\ttl@plus=\dimen177
\ttl@minus=\dimen178
\ttl@toksa=\toks37
\titlewidth=\dimen179
\titlewidthlast=\dimen180
\titlewidthfirst=\dimen181
)
\c@imageCounter=\count169
)
\@input{ListOfAbbrevations.aux}
\openout2 = `ListOfAbbrevations.aux'.

(ListOfAbbrevations.tex)

LaTeX Warning: Unused global option(s):
    [15pt].

(Documentation_main.aux (ProjectDescription.aux) (ListOfTools.aux)
(Hardware.aux) (Software.aux) (PcbDesign.aux) (MechanicalCAD.aux) (appendix.aux
))
\openout1 = `Documentation_main.aux'.

LaTeX Font Info:    Checking defaults for OML/cmm/m/it on input line 6.
LaTeX Font Info:    ... okay on input line 6.
LaTeX Font Info:    Checking defaults for T1/cmr/m/n on input line 6.
LaTeX Font Info:    ... okay on input line 6.
LaTeX Font Info:    Checking defaults for OT1/cmr/m/n on input line 6.
LaTeX Font Info:    ... okay on input line 6.
LaTeX Font Info:    Checking defaults for OMS/cmsy/m/n on input line 6.
LaTeX Font Info:    ... okay on input line 6.
LaTeX Font Info:    Checking defaults for TU/lmr/m/n on input line 6.
LaTeX Font Info:    ... okay on input line 6.
LaTeX Font Info:    Checking defaults for OMX/cmex/m/n on input line 6.
LaTeX Font Info:    ... okay on input line 6.
LaTeX Font Info:    Checking defaults for U/cmr/m/n on input line 6.
LaTeX Font Info:    ... okay on input line 6.

*geometry* detected driver: pdftex
*geometry* verbose mode - [ preamble ] result:
* driver: pdftex
* paper: <default>
* layout: <same size as paper>
* layoutoffset:(h,v)=(0.0pt,0.0pt)
* modes: 
* h-part:(L,W,R)=(72.26999pt, 469.75502pt, 72.26999pt)
* v-part:(T,H,B)=(72.26999pt, 650.43001pt, 72.26999pt)
* \paperwidth=614.295pt
* \paperheight=794.96999pt
* \textwidth=469.75502pt
* \textheight=650.43001pt
* \oddsidemargin=0.0pt
* \evensidemargin=0.0pt
* \topmargin=-37.0pt
* \headheight=12.0pt
* \headsep=25.0pt
* \topskip=10.0pt
* \footskip=30.0pt
* \marginparwidth=65.0pt
* \marginparsep=11.0pt
* \columnsep=10.0pt
* \skip\footins=9.0pt plus 4.0pt minus 2.0pt
* \hoffset=0.0pt
* \voffset=0.0pt
* \mag=1000
* \@twocolumnfalse
* \@twosidefalse
* \@mparswitchfalse
* \@reversemarginfalse
* (1in=72.27pt=25.4mm, 1cm=28.453pt)

(Documentation_main.glsdefs) (TitlePage.tex [1



\providecommand \oddpage@label [2]{}
\providecommand\@newglossary[4]{}
\@newglossary{acronym}{alg}{acr}{acn}



]) [0

] (Documentation_main.toc
LaTeX Font Info:    Try loading font information for U+msa on input line 2.
 ("D:\MiKTeX 2.9\tex\latex\amsfonts\umsa.fd"
File: umsa.fd 2013/01/14 v3.01 AMS symbols A
)
LaTeX Font Info:    Try loading font information for U+msb on input line 2.

("D:\MiKTeX 2.9\tex\latex\amsfonts\umsb.fd"
File: umsb.fd 2013/01/14 v3.01 AMS symbols B
) [1

])
\tf@toc=\write3
\openout3 = `Documentation_main.toc'.

 [2] (Documentation_main.lof)
\tf@lof=\write4
\openout4 = `Documentation_main.lof'.


[3

] (Documentation_main.lot)
\tf@lot=\write5
\openout5 = `Documentation_main.lot'.

 [4

]
\openout2 = `ProjectDescription.aux'.

 (ProjectDescription.tex
Package lettrine.sty Info: Targeted height = 23.14pt
(lettrine.sty)             (no accent, loversize=0),
(lettrine.sty)             Lettrine height = 23.03831pt (T);
(lettrine.sty)             reported on input line 12.

Overfull \hbox (6.9825pt too wide) in paragraph at lines 20--35
[][] 
 []


LaTeX Warning: Citation `AtMega328P' on page 1 undefined on input line 40.

[1



]
File: ./images/BD_LED_MATRIX_V1.png Graphic file (type bmp)
<./images/BD_LED_MATRIX_V1.png>
) [2] [2


]
\openout2 = `ListOfTools.aux'.

 (ListOfTools.tex
Underfull \hbox (badness 10000) in paragraph at lines 5--5
[][]\TU/lmr/bx/n/20.74 List Of Tools|
 []

) [3


] [3


]
\openout2 = `Hardware.aux'.

 (Hardware.tex
Underfull \hbox (badness 10000) in paragraph at lines 4--4
[][]\TU/lmr/bx/n/20.74 Hardware|
 []

(Documentation/Hardware/Introduction.tex)
(Documentation/Hardware/ControlUnit.tex
(Documentation/Hardware/ControlUnit/MCU.tex
Underfull \hbox (badness 10000) in paragraph at lines 9--11
\TU/lmr/m/n/10 hardware interface defines the required
 []

File: ./images/required_hw_interface.png Graphic file (type bmp)
<./images/required_hw_interface.png>

Overfull \hbox (5.92432pt too wide) in paragraph at lines 14--16
[][]
 []


Underfull \hbox (badness 10000) in paragraph at lines 18--21
\TU/lmr/m/n/10 The project requires fast execution of
 []

[4


]
Underfull \hbox (badness 6300) in paragraph at lines 33--35
\TU/lmr/m/n/10 (like IDE and drivers) the []AVR series
 []


Underfull \hbox (badness 10000) in paragraph at lines 38--39

 []


LaTeX Warning: Citation `AtMega328P' on page 5 undefined on input line 40.


Underfull \hbox (badness 10000) in paragraph at lines 46--47
[]\TU/lmr/m/n/10 2Kbytes []Static Random Access Memory
 []

) (Documentation/Hardware/ControlUnit/OscillatorCircuit.tex

LaTeX Warning: Citation `AtMega328P' on page 5 undefined on input line 8.

[5]

LaTeX Warning: Citation `AtMega328P' on page 6 undefined on input line 43.


Overfull \hbox (3.07585pt too wide) in paragraph at lines 53--54
[] \TU/lmr/bx/n/10 Selected Crystal \TU/lmr/m/n/10 is TSX-3225 16.0000MF09Z-AC0

 []


Underfull \hbox (badness 10000) in paragraph at lines 61--62
[]$\OML/cmm/m/it/10 C[]$ \TU/lmr/m/n/10 and $\OML/cmm/m/it/10 C[]$ \TU/lmr/m/n/
10 together act as load
 []

File: ./images/crystal_ckt.png Graphic file (type bmp)
<./images/crystal_ckt.png>
[6]
Underfull \hbox (badness 10000) in paragraph at lines 89--90
\TU/lmr/m/n/10 components (i.e capacitors), each
 []


LaTeX Warning: Citation `AVR042' on page 7 undefined on input line 112.

) (Documentation/Hardware/ControlUnit/Reset.tex
File: ./images/reset_ckt.png Graphic file (type bmp)
<./images/reset_ckt.png>
 [7]
Underfull \hbox (badness 10000) in paragraph at lines 26--30

 []


Underfull \hbox (badness 10000) in paragraph at lines 37--40

 []

) (Documentation/Hardware/ControlUnit/Programming.tex
Underfull \hbox (badness 6477) in paragraph at lines 5--6
\TU/lmr/m/n/10 applications 1. Programming the []MCU 2.
 []

File: ./images/programming_berg.png Graphic file (type bmp)
<./images/programming_berg.png>
) (Documentation/Hardware/ControlUnit/BypassCapacitor.tex)
(Documentation/Hardware/ControlUnit/PortAssignment.tex)
(Documentation/Hardware/ControlUnit/VoltageLevelIndicator.tex))
(Documentation/Hardware/PowerSupply.tex) (Documentation/Hardware/LEDMatrix.tex)
(Documentation/Hardware/Input.tex) [8] [9]) [9


]
\openout2 = `Software.aux'.

 (Software.tex
Underfull \hbox (badness 10000) in paragraph at lines 5--5
[][]\TU/lmr/bx/n/20.74 Software|
 []

) [10


] [10


]
\openout2 = `PcbDesign.aux'.

 (PcbDesign.tex
Underfull \hbox (badness 10000) in paragraph at lines 5--5
[][]\TU/lmr/bx/n/20.74 PCB Design|
 []

(Documentation/PCBDesign/Introduction.tex) (Documentation/PCBDesign/Crystal.tex
) (Documentation/PCBDesign/Reset.tex) (Documentation/PCBDesign/Programming.tex)

Overfull \vbox (1.11292pt too high) has occurred while \output is active []


[11


]) [11


]
\openout2 = `MechanicalCAD.aux'.

 (MechanicalCAD.tex
Underfull \hbox (badness 10000) in paragraph at lines 5--5
[][]\TU/lmr/bx/n/20.74 Mechanical CAD|
 []

) [12


] [12


]
\openout2 = `appendix.aux'.

 (appendix.tex (Documentation/Appendix/appendix_crystal.tex [13


]
[13]) [14] [14])
Using TeX to sort glossary entries---this may take a while

Underfull \hbox (badness 10000) in paragraph at lines 58--58
[]\TU/lmr/m/n/10 Electrically Erasable Programmable
 []


Underfull \hbox (badness 10000) in paragraph at lines 58--58
[]\TU/lmr/m/n/10 Universal Synchronous Asynchronous
 []

No file Documentation_main.acr.
[15

] [15] (Documentation_main.bbl) (Documentation_main.aux
(ProjectDescription.aux) (ListOfTools.aux) (Hardware.aux) (Software.aux)
(PcbDesign.aux) (MechanicalCAD.aux) (appendix.aux))

LaTeX Warning: There were undefined references.

 ) 
Here is how much of TeX's memory you used:
 9589 strings out of 427836
 135981 string characters out of 3155125
 290556 words of memory out of 3000000
 13262 multiletter control sequences out of 15000+200000
 5435 words of font info for 34 fonts, out of 3000000 for 9000
 1328 hyphenation exceptions out of 8191
 49i,13n,45p,2074b,803s stack positions out of 5000i,500n,10000p,200000b,50000s

Output written on Documentation_main.pdf (30 pages).
